<?xml version="1.0" encoding="UTF-8"?>
<testng-results skipped="0" failed="0" ignored="0" total="1" passed="1">
  <reporter-output>
  </reporter-output>
  <suite name="Default suite" duration-ms="9508" started-at="2021-12-10T00:55:07Z" finished-at="2021-12-10T00:55:17Z">
    <groups>
    </groups>
    <test name="Default test" duration-ms="9508" started-at="2021-12-10T00:55:07Z" finished-at="2021-12-10T00:55:17Z">
      <class name="test.AddCategoryTest">
        <test-method status="PASS" signature="launchBrowser()[pri:0, instance:test.AddCategoryTest@7a4ccb53]" name="launchBrowser" is-config="true" duration-ms="7668" started-at="2021-12-10T00:55:07Z" finished-at="2021-12-10T00:55:15Z">
          <reporter-output>
          </reporter-output>
        </test-method> <!-- launchBrowser -->
        <test-method status="PASS" signature="userShouldBeAbleToGoToSite()[pri:0, instance:test.AddCategoryTest@7a4ccb53]" name="userShouldBeAbleToGoToSite" duration-ms="1725" started-at="2021-12-10T00:55:15Z" finished-at="2021-12-10T00:55:17Z">
          <reporter-output>
          </reporter-output>
        </test-method> <!-- userShouldBeAbleToGoToSite -->
        <test-method status="PASS" signature="teardown()[pri:0, instance:test.AddCategoryTest@7a4ccb53]" name="teardown" is-config="true" duration-ms="92" started-at="2021-12-10T00:55:17Z" finished-at="2021-12-10T00:55:17Z">
          <reporter-output>
          </reporter-output>
        </test-method> <!-- teardown -->
      </class> <!-- test.AddCategoryTest -->
    </test> <!-- Default test -->
  </suite> <!-- Default suite -->
</testng-results>
